<?xml version="1.0" encoding="UTF-8"?>
<!-- Generated by org.testng.reporters.JUnitReportReporter -->
<testsuite hostname="WIN-9O3M1HIP8HI" name="ibm.FirstProject.register" tests="2" failures="0" timestamp="24 Jun 2022 08:08:50 GMT" time="16.618" errors="0">
  <testcase name="test" time="15.564" classname="ibm.FirstProject.register"/>
  <testcase name="logout" time="1.054" classname="ibm.FirstProject.register"/>
</testsuite> <!-- ibm.FirstProject.register -->
